[debug] [2025-02-28T16:11:43.727Z] ----------------------------------------------------------------------
[debug] [2025-02-28T16:11:43.733Z] Command:       D:\Savio Shaju\n\node.exe C:\Users\ASUS\AppData\Roaming\npm\node_modules\firebase-tools\lib\bin\firebase.js init
[debug] [2025-02-28T16:11:43.734Z] CLI Version:   13.32.0
[debug] [2025-02-28T16:11:43.734Z] Platform:      win32
[debug] [2025-02-28T16:11:43.734Z] Node Version:  v22.14.0
[debug] [2025-02-28T16:11:43.735Z] Time:          Fri Feb 28 2025 21:41:43 GMT+0530 (India Standard Time)
[debug] [2025-02-28T16:11:43.735Z] ----------------------------------------------------------------------
[debug] 
[debug] [2025-02-28T16:11:44.220Z] > command requires scopes: ["email","openid","https://www.googleapis.com/auth/cloudplatformprojects.readonly","https://www.googleapis.com/auth/firebase","https://www.googleapis.com/auth/cloud-platform"]
[debug] [2025-02-28T16:11:44.221Z] > authorizing via signed-in user (savioshaju2005@gmail.com)
[info] 
     ######## #### ########  ######## ########     ###     ######  ########
     ##        ##  ##     ## ##       ##     ##  ##   ##  ##       ##
     ######    ##  ########  ######   ########  #########  ######  ######
     ##        ##  ##    ##  ##       ##     ## ##     ##       ## ##
     ##       #### ##     ## ######## ########  ##     ##  ######  ########

You're about to initialize a Firebase project in this directory:

  D:\672092a0de80056868f7e7e821236e13c605e8f1

Before we get started, keep in mind:

  * You are initializing within an existing Firebase project directory

